<?xml version="1.0" encoding="UTF-8"?>
<!-- Generated by org.testng.reporters.JUnitReportReporter -->
<testsuite skipped="0" hostname="IBM971-PC07QEZT" name="com.training.sanity.tests.LoginTests" tests="1" failures="0" timestamp="26 Aug 2019 08:02:40 GMT" time="14.722" errors="0">
  <testcase name="validLoginTest" time="14.722" classname="com.training.sanity.tests.LoginTests"/>
</testsuite> <!-- com.training.sanity.tests.LoginTests -->
